{"error":"","level":"error","message":"Error creating tables","service":"fleet-management","timestamp":"2026-04-26T10:09:48.680Z"}
{"error":"","level":"error","message":"Error creating tables","service":"fleet-management","timestamp":"2026-04-26T10:10:19.894Z"}
{"error":"","level":"error","message":"Error creating tables","service":"fleet-management","timestamp":"2026-04-26T10:10:24.066Z"}
{"error":"","level":"error","message":"Error creating tables","service":"fleet-management","timestamp":"2026-04-26T10:10:30.463Z"}
{"error":"","level":"error","message":"Error creating tables","service":"fleet-management","timestamp":"2026-04-26T10:11:00.877Z"}
{"error":"","level":"error","message":"Error creating tables","service":"fleet-management","timestamp":"2026-04-26T10:11:15.921Z"}
{"error":"","level":"error","message":"Error creating tables","service":"fleet-management","timestamp":"2026-04-26T10:11:19.579Z"}
{"error":"","level":"error","message":"Error creating tables","service":"fleet-management","timestamp":"2026-04-26T10:13:37.851Z"}
{"error":"","level":"error","message":"Error creating tables","service":"fleet-management","timestamp":"2026-04-26T10:17:11.349Z"}
{"error":"","level":"error","message":"Error creating tables","service":"fleet-management","timestamp":"2026-04-26T10:17:11.458Z"}
{"error":"","level":"error","message":"Error creating tables","service":"fleet-management","timestamp":"2026-04-26T10:25:59.623Z"}
{"error":"","level":"error","message":"Error creating tables","service":"fleet-management","timestamp":"2026-04-26T10:25:59.691Z"}
{"error":"","level":"error","message":"Error creating tables","service":"fleet-management","timestamp":"2026-04-26T10:26:04.500Z"}
{"error":"","level":"error","message":"Error creating tables","service":"fleet-management","timestamp":"2026-04-26T10:26:04.578Z"}
{"error":"","level":"error","message":"Error creating tables","service":"fleet-management","timestamp":"2026-04-26T10:26:05.747Z"}
{"error":"","level":"error","message":"Error creating tables","service":"fleet-management","timestamp":"2026-04-26T10:26:05.824Z"}
{"error":"","level":"error","message":"Error creating tables","service":"fleet-management","timestamp":"2026-04-26T10:26:08.645Z"}
{"error":"","level":"error","message":"Error creating tables","service":"fleet-management","timestamp":"2026-04-26T10:26:08.704Z"}
{"error":"","level":"error","message":"Error creating tables","service":"fleet-management","timestamp":"2026-04-26T10:26:29.421Z"}
{"error":"","level":"error","message":"Error creating tables","service":"fleet-management","timestamp":"2026-04-26T10:26:51.296Z"}
{"error":"","level":"error","message":"Error creating tables","service":"fleet-management","timestamp":"2026-04-26T10:26:51.406Z"}
{"error":"","level":"error","message":"Error creating tables","service":"fleet-management","timestamp":"2026-04-26T10:30:49.391Z"}
{"error":"","level":"error","message":"Error creating tables","service":"fleet-management","timestamp":"2026-04-26T10:30:49.442Z"}
{"error":"","level":"error","message":"Error creating tables","service":"fleet-management","timestamp":"2026-04-26T10:39:14.025Z"}
{"error":"","level":"error","message":"Error creating tables","service":"fleet-management","timestamp":"2026-04-26T10:39:14.074Z"}
{"error":"","level":"error","message":"Error creating tables","service":"fleet-management","timestamp":"2026-04-26T10:39:25.065Z"}
{"error":"","level":"error","message":"Error creating tables","service":"fleet-management","timestamp":"2026-04-26T10:39:25.105Z"}
{"error":"","level":"error","message":"Error creating tables","service":"fleet-management","timestamp":"2026-04-26T10:40:17.139Z"}
{"error":"","level":"error","message":"Error creating tables","service":"fleet-management","timestamp":"2026-04-26T10:40:17.173Z"}
{"error":"","level":"error","message":"Error creating tables","service":"fleet-management","timestamp":"2026-04-26T10:40:21.796Z"}
{"error":"","level":"error","message":"Error creating tables","service":"fleet-management","timestamp":"2026-04-26T10:40:21.828Z"}
{"error":"","level":"error","message":"Error creating tables","service":"fleet-management","timestamp":"2026-04-26T10:40:43.262Z"}
{"error":"","level":"error","message":"Error creating tables","service":"fleet-management","timestamp":"2026-04-26T10:40:43.290Z"}
{"error":"","level":"error","message":"Error creating tables","service":"fleet-management","timestamp":"2026-04-26T10:40:58.601Z"}
{"error":"","level":"error","message":"Error creating tables","service":"fleet-management","timestamp":"2026-04-26T10:40:58.686Z"}
{"error":"","level":"error","message":"Error creating tables","service":"fleet-management","timestamp":"2026-04-26T10:45:06.250Z"}
{"error":"","level":"error","message":"Database setup failed","service":"fleet-management","timestamp":"2026-04-26T10:45:20.749Z"}
{"error":"","level":"error","message":"Database setup failed","service":"fleet-management","timestamp":"2026-04-26T10:45:20.900Z"}
{"error":"","level":"error","message":"Database setup failed","service":"fleet-management","timestamp":"2026-04-26T10:45:51.437Z"}
{"error":"","level":"error","message":"Database setup failed","service":"fleet-management","timestamp":"2026-04-26T10:45:51.499Z"}
{"error":"","level":"error","message":"Database setup failed","service":"fleet-management","timestamp":"2026-04-26T10:46:07.536Z"}
{"error":"","level":"error","message":"Database setup failed","service":"fleet-management","timestamp":"2026-04-26T10:46:07.587Z"}
{"error":"","level":"error","message":"Database setup failed","service":"fleet-management","timestamp":"2026-04-26T10:48:03.046Z"}
{"error":"","level":"error","message":"Database setup failed","service":"fleet-management","stack":"AggregateError [ECONNREFUSED]: \n    at /workspaces/Fleet-Management/node_modules/pg-pool/index.js:45:11\n    at process.processTicksAndRejections (node:internal/process/task_queues:104:5)\n    at async createTables (/workspaces/Fleet-Management/src/utils/setupDb.js:7:5)\n    at async startServer (/workspaces/Fleet-Management/src/index.js:26:5)","timestamp":"2026-04-26T10:48:26.544Z"}
{"error":"","level":"error","message":"Database setup failed","service":"fleet-management","stack":"AggregateError [ECONNREFUSED]: \n    at /workspaces/Fleet-Management/node_modules/pg-pool/index.js:45:11\n    at process.processTicksAndRejections (node:internal/process/task_queues:104:5)\n    at async createTables (/workspaces/Fleet-Management/src/utils/setupDb.js:7:5)\n    at async startServer (/workspaces/Fleet-Management/src/index.js:26:5)","timestamp":"2026-04-26T10:48:26.594Z"}
{"error":"","level":"error","message":"Database setup failed","service":"fleet-management","stack":"AggregateError [ECONNREFUSED]: \n    at /workspaces/Fleet-Management/node_modules/pg-pool/index.js:45:11\n    at process.processTicksAndRejections (node:internal/process/task_queues:104:5)\n    at async createTables (/workspaces/Fleet-Management/src/utils/setupDb.js:7:5)\n    at async startServer (/workspaces/Fleet-Management/src/index.js:26:5)","timestamp":"2026-04-26T10:48:34.587Z"}
{"error":"","level":"error","message":"Failed to start server","service":"fleet-management","stack":"AggregateError [ECONNREFUSED]: \n    at /workspaces/Fleet-Management/node_modules/pg-pool/index.js:45:11\n    at process.processTicksAndRejections (node:internal/process/task_queues:104:5)\n    at async createTables (/workspaces/Fleet-Management/src/utils/setupDb.js:7:5)\n    at async startServer (/workspaces/Fleet-Management/src/index.js:26:5)","timestamp":"2026-04-26T10:48:34.592Z"}
{"error":"","level":"error","message":"Database setup failed","service":"fleet-management","stack":"AggregateError [ECONNREFUSED]: \n    at /workspaces/Fleet-Management/node_modules/pg-pool/index.js:45:11\n    at process.processTicksAndRejections (node:internal/process/task_queues:104:5)\n    at async createTables (/workspaces/Fleet-Management/src/utils/setupDb.js:7:5)\n    at async startServer (/workspaces/Fleet-Management/src/index.js:26:5)","timestamp":"2026-04-26T10:48:34.639Z"}
{"error":"","level":"error","message":"Database setup failed","service":"fleet-management","stack":"AggregateError [ECONNREFUSED]: \n    at /workspaces/Fleet-Management/node_modules/pg-pool/index.js:45:11\n    at process.processTicksAndRejections (node:internal/process/task_queues:104:5)\n    at async createTables (/workspaces/Fleet-Management/src/utils/setupDb.js:7:5)\n    at async startServer (/workspaces/Fleet-Management/src/index.js:26:5)","timestamp":"2026-04-26T10:48:43.075Z"}
{"error":"","level":"error","message":"Database setup failed","service":"fleet-management","stack":"AggregateError [ECONNREFUSED]: \n    at /workspaces/Fleet-Management/node_modules/pg-pool/index.js:45:11\n    at process.processTicksAndRejections (node:internal/process/task_queues:104:5)\n    at async createTables (/workspaces/Fleet-Management/src/utils/setupDb.js:7:5)\n    at async startServer (/workspaces/Fleet-Management/src/index.js:26:5)","timestamp":"2026-04-26T10:49:06.228Z"}
{"error":"","level":"error","message":"Database setup failed","service":"fleet-management","stack":"AggregateError [ECONNREFUSED]: \n    at /workspaces/Fleet-Management/node_modules/pg-pool/index.js:45:11\n    at process.processTicksAndRejections (node:internal/process/task_queues:104:5)\n    at async createTables (/workspaces/Fleet-Management/src/utils/setupDb.js:7:5)\n    at async startServer (/workspaces/Fleet-Management/src/index.js:26:5)","timestamp":"2026-04-26T10:49:06.413Z"}
{"error":"","level":"error","message":"Database setup failed","service":"fleet-management","stack":"AggregateError [ECONNREFUSED]: \n    at /workspaces/Fleet-Management/node_modules/pg-pool/index.js:45:11\n    at process.processTicksAndRejections (node:internal/process/task_queues:104:5)\n    at async createTables (/workspaces/Fleet-Management/src/utils/setupDb.js:7:5)\n    at async startServer (/workspaces/Fleet-Management/src/index.js:26:5)","timestamp":"2026-04-26T10:49:10.582Z"}
{"error":"","level":"error","message":"Database setup failed","service":"fleet-management","stack":"AggregateError [ECONNREFUSED]: \n    at /workspaces/Fleet-Management/node_modules/pg-pool/index.js:45:11\n    at process.processTicksAndRejections (node:internal/process/task_queues:104:5)\n    at async createTables (/workspaces/Fleet-Management/src/utils/setupDb.js:7:5)\n    at async startServer (/workspaces/Fleet-Management/src/index.js:26:5)","timestamp":"2026-04-26T10:49:10.602Z"}
{"error":"","level":"error","message":"Database setup failed","service":"fleet-management","stack":"AggregateError [ECONNREFUSED]: \n    at /workspaces/Fleet-Management/node_modules/pg-pool/index.js:45:11\n    at process.processTicksAndRejections (node:internal/process/task_queues:104:5)\n    at async createTables (/workspaces/Fleet-Management/src/utils/setupDb.js:7:5)\n    at async startServer (/workspaces/Fleet-Management/src/index.js:26:5)","timestamp":"2026-04-26T10:49:17.949Z"}
{"error":"","level":"error","message":"Database setup failed","service":"fleet-management","stack":"AggregateError [ECONNREFUSED]: \n    at /workspaces/Fleet-Management/node_modules/pg-pool/index.js:45:11\n    at process.processTicksAndRejections (node:internal/process/task_queues:104:5)\n    at async createTables (/workspaces/Fleet-Management/src/utils/setupDb.js:7:5)\n    at async startServer (/workspaces/Fleet-Management/src/index.js:26:5)","timestamp":"2026-04-26T10:49:42.403Z"}
{"error":"","level":"error","message":"Database setup failed","service":"fleet-management","stack":"AggregateError [ECONNREFUSED]: \n    at /workspaces/Fleet-Management/node_modules/pg-pool/index.js:45:11\n    at process.processTicksAndRejections (node:internal/process/task_queues:104:5)\n    at async createTables (/workspaces/Fleet-Management/src/utils/setupDb.js:7:5)\n    at async startServer (/workspaces/Fleet-Management/src/index.js:26:5)","timestamp":"2026-04-26T10:50:35.178Z"}
{"error":"","level":"error","message":"Database setup failed","service":"fleet-management","stack":"AggregateError [ECONNREFUSED]: \n    at /workspaces/Fleet-Management/node_modules/pg-pool/index.js:45:11\n    at process.processTicksAndRejections (node:internal/process/task_queues:104:5)\n    at async createTables (/workspaces/Fleet-Management/src/utils/setupDb.js:7:5)\n    at async startServer (/workspaces/Fleet-Management/src/index.js:26:5)","timestamp":"2026-04-26T10:50:35.359Z"}
{"error":"","level":"error","message":"Database setup failed","service":"fleet-management","stack":"AggregateError [ECONNREFUSED]: \n    at /workspaces/Fleet-Management/node_modules/pg-pool/index.js:45:11\n    at process.processTicksAndRejections (node:internal/process/task_queues:104:5)\n    at async createTables (/workspaces/Fleet-Management/src/utils/setupDb.js:12:5)\n    at async startServer (/workspaces/Fleet-Management/src/index.js:26:5)\n    at async main (/workspaces/Fleet-Management/src/index.js:85:3)","timestamp":"2026-04-27T09:34:31.315Z"}
{"error":"Redis connection is not ready. Cannot initialize queues.","level":"error","message":"Failed to initialize workers","service":"fleet-management","timestamp":"2026-04-27T09:34:31.320Z"}
{"level":"error","message":"Unhandled Rejection","reason":"Redis connection is not ready. Cannot initialize queues.","service":"fleet-management","timestamp":"2026-04-27T09:34:31.321Z"}
{"error":"","level":"error","message":"Database setup failed","service":"fleet-management","stack":"AggregateError [ECONNREFUSED]: \n    at /workspaces/Fleet-Management/node_modules/pg-pool/index.js:45:11\n    at process.processTicksAndRejections (node:internal/process/task_queues:104:5)\n    at async createTables (/workspaces/Fleet-Management/src/utils/setupDb.js:12:5)\n    at async startServer (/workspaces/Fleet-Management/src/index.js:26:5)\n    at async main (/workspaces/Fleet-Management/src/index.js:85:3)","timestamp":"2026-04-27T09:35:22.368Z"}
{"error":"","level":"error","message":"Database setup failed","service":"fleet-management","stack":"AggregateError [ECONNREFUSED]: \n    at /workspaces/Fleet-Management/node_modules/pg-pool/index.js:45:11\n    at process.processTicksAndRejections (node:internal/process/task_queues:104:5)\n    at async createTables (/workspaces/Fleet-Management/src/utils/setupDb.js:12:5)\n    at async startServer (/workspaces/Fleet-Management/src/index.js:26:5)\n    at async main (/workspaces/Fleet-Management/src/index.js:85:3)","timestamp":"2026-04-27T09:36:01.545Z"}
{"error":"","level":"error","message":"Database setup failed","service":"fleet-management","stack":"AggregateError [ECONNREFUSED]: \n    at /workspaces/Fleet-Management/node_modules/pg-pool/index.js:45:11\n    at process.processTicksAndRejections (node:internal/process/task_queues:104:5)\n    at async createTables (/workspaces/Fleet-Management/src/utils/setupDb.js:12:5)\n    at async startServer (/workspaces/Fleet-Management/src/index.js:31:5)\n    at async main (/workspaces/Fleet-Management/src/index.js:90:3)","timestamp":"2026-04-27T09:36:30.054Z"}
{"error":"","level":"error","message":"Database setup failed","service":"fleet-management","stack":"AggregateError [ECONNREFUSED]: \n    at /workspaces/Fleet-Management/node_modules/pg-pool/index.js:45:11\n    at process.processTicksAndRejections (node:internal/process/task_queues:104:5)\n    at async createTables (/workspaces/Fleet-Management/src/utils/setupDb.js:12:5)\n    at async startServer (/workspaces/Fleet-Management/src/index.js:31:5)\n    at async main (/workspaces/Fleet-Management/src/index.js:90:3)","timestamp":"2026-04-27T09:37:46.238Z"}
{"error":"","level":"error","message":"Database setup failed","service":"fleet-management","stack":"AggregateError [ECONNREFUSED]: \n    at /workspaces/Fleet-Management/node_modules/pg-pool/index.js:45:11\n    at process.processTicksAndRejections (node:internal/process/task_queues:104:5)\n    at async createTables (/workspaces/Fleet-Management/src/utils/setupDb.js:12:5)\n    at async startServer (/workspaces/Fleet-Management/src/index.js:31:5)\n    at async main (/workspaces/Fleet-Management/src/index.js:90:3)","timestamp":"2026-04-27T09:47:26.157Z"}
{"error":"","level":"error","message":"Database setup failed","service":"fleet-management","stack":"AggregateError [ECONNREFUSED]: \n    at /workspaces/Fleet-Management/node_modules/pg-pool/index.js:45:11\n    at process.processTicksAndRejections (node:internal/process/task_queues:104:5)\n    at async createTables (/workspaces/Fleet-Management/src/utils/setupDb.js:12:5)\n    at async startServer (/workspaces/Fleet-Management/src/index.js:31:5)\n    at async main (/workspaces/Fleet-Management/src/index.js:90:3)","timestamp":"2026-04-27T09:47:56.943Z"}
{"error":"Unexpected token '}'","level":"error","message":"Failed to initialize workers","service":"fleet-management","timestamp":"2026-04-28T11:14:32.280Z"}
{"error":"Unexpected token '}'","level":"error","message":"Failed to initialize workers","service":"fleet-management","timestamp":"2026-04-28T11:15:37.357Z"}
{"error":"Unexpected token '}'","level":"error","message":"Failed to initialize workers","service":"fleet-management","timestamp":"2026-04-28T11:16:23.535Z"}
{"error":"redis is not defined","level":"error","message":"Failed to initialize workers","service":"fleet-management","timestamp":"2026-04-28T11:16:55.180Z"}
{"error":"Unexpected token '}'","level":"error","message":"Failed to initialize workers","service":"fleet-management","timestamp":"2026-04-28T11:17:47.490Z"}
{"error":"","level":"error","message":"Database setup failed","service":"fleet-management","stack":"AggregateError [ECONNREFUSED]: \n    at /workspaces/Fleet-Management/node_modules/pg-pool/index.js:45:11\n    at process.processTicksAndRejections (node:internal/process/task_queues:104:5)\n    at async createTables (/workspaces/Fleet-Management/src/utils/setupDb.js:12:5)\n    at async startServer (/workspaces/Fleet-Management/src/index.js:31:5)\n    at async main (/workspaces/Fleet-Management/src/index.js:95:3)","timestamp":"2026-04-28T13:29:37.214Z"}
{"error":"","level":"error","message":"Database setup failed","service":"fleet-management","stack":"AggregateError [ECONNREFUSED]: \n    at /workspaces/Fleet-Management/node_modules/pg-pool/index.js:45:11\n    at process.processTicksAndRejections (node:internal/process/task_queues:104:5)\n    at async createTables (/workspaces/Fleet-Management/src/utils/setupDb.js:12:5)\n    at async startServer (/workspaces/Fleet-Management/src/index.js:31:5)\n    at async main (/workspaces/Fleet-Management/src/index.js:95:3)","timestamp":"2026-04-28T13:38:55.652Z"}
